<?xml version="1.0" encoding="utf-8"?><testsuites name="pytest tests"><testsuite name="pytest" errors="0" failures="0" skipped="0" tests="20" time="4.827" timestamp="2026-08-17T15:21:10.956954+00:00" hostname="agent-env-644e0cd2-f68f-4c8c-8e45-9f40c13f0542"><testcase classname="tests.backend_test.TestReferralReminders" name="test_referral_get_and_invite" time="0.050" /><testcase classname="tests.backend_test.TestCoreGets" name="test_root" time="0.003" /><testcase classname="tests.backend_test.TestCoreGets" name="test_device_health" time="0.042" /><testcase classname="tests.backend_test.TestCoreGets" name="test_storage" time="0.041" /><testcase classname="tests.backend_test.TestReferralReminders" name="test_referral_invite_cap_100" time="4.343" /><testcase classname="tests.backend_test.TestCoreGets" name="test_duplicates" time="0.042" /><testcase classname="tests.backend_test.TestCoreGets" name="test_large_files" time="0.042" /><testcase classname="tests.backend_test.TestCoreGets" name="test_battery" time="0.042" /><testcase classname="tests.backend_test.TestCoreGets" name="test_security" time="0.042" /><testcase classname="tests.backend_test.TestCoreGets" name="test_cache_breakdown" time="0.042" /><testcase classname="tests.backend_test.TestStreakForecast" name="test_streak_and_freeze" time="0.130" /><testcase classname="tests.backend_test.TestStreakForecast" name="test_forecast" time="0.043" /><testcase classname="tests.backend_test.TestStreakForecast" name="test_health_trend" time="0.043" /><testcase classname="tests.backend_test.TestFamilyInputSecurity" name="test_name_cap_40_chars" time="0.044" /><testcase classname="tests.backend_test.TestFamilyInputSecurity" name="test_empty_name_rejected" time="0.086" /><testcase classname="tests.backend_test.TestFamilyInputSecurity" name="test_device_type_allowlist" time="0.042" /><testcase classname="tests.backend_test.TestScanClean" name="test_scan_returns_breakdown" time="0.042" /><testcase classname="tests.backend_test.TestScanClean" name="test_clean_persists_and_returns_health" time="0.085" /><testcase classname="tests.backend_test.TestReferralReminders" name="test_reminders_get_put" time="0.085" /><testcase classname="tests.backend_test.TestReferralReminders" name="test_family_get" time="0.043" /></testsuite></testsuites>