<?xml version="1.0" encoding="utf-8"?><testsuites name="pytest tests"><testsuite name="pytest" errors="0" failures="0" skipped="0" tests="10" time="6.878" timestamp="2026-08-17T14:31:30.190028+00:00" hostname="agent-env-644e0cd2-f68f-4c8c-8e45-9f40c13f0542"><testcase classname="tests.backend_test.TestStorage" name="test_storage" time="0.294" /><testcase classname="tests.backend_test.TestHealth" name="test_root" time="0.446" /><testcase classname="tests.backend_test.TestLargeFiles" name="test_large_files" time="0.093" /><testcase classname="tests.backend_test.TestBattery" name="test_battery" time="0.073" /><testcase classname="tests.backend_test.TestHealth" name="test_device_health" time="0.085" /><testcase classname="tests.backend_test.TestSecurity" name="test_security" time="0.101" /><testcase classname="tests.backend_test.TestDuplicates" name="test_duplicates" time="0.083" /><testcase classname="tests.backend_test.TestClean" name="test_clean" time="0.113" /><testcase classname="tests.backend_test.TestScan" name="test_scan" time="0.097" /><testcase classname="tests.backend_test.TestAIRecommendations" name="test_recommendations" time="5.844" /></testsuite></testsuites>