<?xml version="1.0" encoding="utf-8"?><testsuites name="pytest tests"><testsuite name="pytest" errors="0" failures="0" skipped="0" tests="16" time="34.420" timestamp="2026-08-30T17:24:34.491097+00:00" hostname="agent-env-644e0cd2-f68f-4c8c-8e45-9f40c13f0542"><testcase classname="tests.test_coach.TestCoachAuth" name="test_daily_requires_auth" time="0.151" /><testcase classname="tests.test_coach.TestCoachDaily" name="test_daily_returns_valid_card" time="2.381" /><testcase classname="tests.test_coach.TestCoachAuth" name="test_history_get_requires_auth" time="0.198" /><testcase classname="tests.test_coach.TestCoachAuth" name="test_history_delete_requires_auth" time="0.222" /><testcase classname="tests.test_coach.TestCoachAuth" name="test_chat_requires_auth" time="0.137" /><testcase classname="tests.test_coach.TestCoachAuth" name="test_bogus_token_rejected" time="0.117" /><testcase classname="tests.test_coach.TestCoachChat" name="test_chat_returns_contextual_reply_and_persists" time="4.386" /><testcase classname="tests.test_coach.TestCoachDaily" name="test_daily_is_cached_per_day" time="2.276" /><testcase classname="tests.test_coach.TestCoachDaily" name="test_daily_scoped_per_user" time="4.660" /><testcase classname="tests.test_coach.TestCoachChat" name="test_chat_memory_continuity" time="5.453" /><testcase classname="tests.test_coach.TestCoreRegression" name="test_device_scan_still_works" time="0.117" /><testcase classname="tests.test_coach.TestCoreRegression" name="test_device_clean_still_works" time="0.199" /><testcase classname="tests.test_coach.TestCoreRegression" name="test_ai_recommendations_still_works" time="3.809" /><testcase classname="tests.test_coach.TestCoachChat" name="test_chat_empty_message_rejected" time="0.157" /><testcase classname="tests.test_coach.TestCoachHistoryClear" name="test_delete_history_clears" time="2.635" /><testcase classname="tests.test_coach.TestCoachRateLimit" name="test_chat_returns_429_after_10_rapid_calls" time="20.115" /></testsuite></testsuites>