<?xml version="1.0" encoding="utf-8"?><testsuites name="pytest tests"><testsuite name="pytest" errors="0" failures="0" skipped="0" tests="14" time="6.155" timestamp="2026-08-17T16:08:28.810601+00:00" hostname="agent-env-644e0cd2-f68f-4c8c-8e45-9f40c13f0542"><testcase classname="tests.test_push_notifications.TestRegisterPush" name="test_register_push_endpoint_reachable_and_graceful" time="0.091" /><testcase classname="tests.test_push_notifications.TestPushAuthRegression" name="test_bogus_bearer_on_push_test" time="0.008" /><testcase classname="tests.test_push_notifications.TestPushAuthRegression" name="test_bogus_bearer_on_cleanup_reminder" time="0.043" /><testcase classname="tests.test_push_notifications.TestPushAuthRegression" name="test_bogus_session_id_returns_401" time="0.174" /><testcase classname="tests.test_push_notifications.TestRegisterPush" name="test_server_still_alive_after_bad_push" time="0.042" /><testcase classname="tests.test_push_notifications.TestRegisterPush" name="test_register_push_validates_body" time="0.042" /><testcase classname="tests.test_push_notifications.TestPushCleanupReminder" name="test_requires_bearer" time="0.043" /><testcase classname="tests.test_push_notifications.TestPushCleanupReminder" name="test_returns_sent_false_gracefully" time="0.055" /><testcase classname="tests.test_push_notifications.TestPushTest" name="test_requires_bearer" time="0.042" /><testcase classname="tests.test_push_notifications.TestPushTest" name="test_returns_sent_false_gracefully" time="0.057" /><testcase classname="tests.test_push_notifications.TestSendPushValidation" name="test_more_than_100_recipients_raises" time="1.554" /><testcase classname="tests.test_push_notifications.TestFamilyAddNotBrokenByPush" name="test_add_family_member_still_succeeds" time="0.097" /><testcase classname="tests.test_push_notifications.TestAIRecommendationsRegression" name="test_ai_returns_four_recs" time="4.704" /><testcase classname="tests.test_push_notifications.TestSendPushValidation" name="test_missing_title_or_message_raises" time="0.001" /></testsuite></testsuites>