<?xml version="1.0" encoding="utf-8"?><testsuites name="pytest tests"><testsuite name="pytest" errors="0" failures="0" skipped="0" tests="35" time="1.876" timestamp="2026-08-17T15:44:14.510441+00:00" hostname="agent-env-644e0cd2-f68f-4c8c-8e45-9f40c13f0542"><testcase classname="tests.test_auth_and_scoping.TestProtectedRequireAuth" name="test_no_token_returns_401[GET-/auth/me-None]" time="0.004" /><testcase classname="tests.test_auth_and_scoping.TestSeededSessionFlow" name="test_me_returns_seeded_user" time="0.007" /><testcase classname="tests.test_auth_and_scoping.TestProtectedRequireAuth" name="test_no_token_returns_401[GET-/history-None]" time="0.042" /><testcase classname="tests.test_auth_and_scoping.TestSeededSessionFlow" name="test_clean_persists_and_history_reflects" time="0.089" /><testcase classname="tests.test_auth_and_scoping.TestProtectedRequireAuth" name="test_no_token_returns_401[GET-/streak-None]" time="0.042" /><testcase classname="tests.test_auth_and_scoping.TestProtectedRequireAuth" name="test_no_token_returns_401[GET-/forecast-None]" time="0.042" /><testcase classname="tests.test_auth_and_scoping.TestSeededSessionFlow" name="test_family_crud" time="0.175" /><testcase classname="tests.test_auth_and_scoping.TestProtectedRequireAuth" name="test_no_token_returns_401[GET-/device/health-trend-None]" time="0.042" /><testcase classname="tests.test_auth_and_scoping.TestProtectedRequireAuth" name="test_no_token_returns_401[GET-/reminders-None]" time="0.042" /><testcase classname="tests.test_auth_and_scoping.TestProtectedRequireAuth" name="test_no_token_returns_401[PUT-/reminders-body6]" time="0.042" /><testcase classname="tests.test_auth_and_scoping.TestProtectedRequireAuth" name="test_no_token_returns_401[GET-/referral-None]" time="0.042" /><testcase classname="tests.test_auth_and_scoping.TestSeededSessionFlow" name="test_streak_and_freeze_once_per_month" time="0.133" /><testcase classname="tests.test_auth_and_scoping.TestProtectedRequireAuth" name="test_no_token_returns_401[POST-/referral/invite-body8]" time="0.042" /><testcase classname="tests.test_auth_and_scoping.TestProtectedRequireAuth" name="test_no_token_returns_401[POST-/streak/freeze-body9]" time="0.043" /><testcase classname="tests.test_auth_and_scoping.TestProtectedRequireAuth" name="test_no_token_returns_401[GET-/family-None]" time="0.042" /><testcase classname="tests.test_auth_and_scoping.TestSeededSessionFlow" name="test_forecast_health_trend" time="0.089" /><testcase classname="tests.test_auth_and_scoping.TestProtectedRequireAuth" name="test_no_token_returns_401[POST-/family/member-body11]" time="0.042" /><testcase classname="tests.test_auth_and_scoping.TestProtectedRequireAuth" name="test_no_token_returns_401[DELETE-/family/member/does-not-exist-None]" time="0.042" /><testcase classname="tests.test_auth_and_scoping.TestSeededSessionFlow" name="test_reminders_get_put" time="0.089" /><testcase classname="tests.test_auth_and_scoping.TestProtectedRequireAuth" name="test_no_token_returns_401[POST-/device/clean-body13]" time="0.042" /><testcase classname="tests.test_auth_and_scoping.TestProtectedRequireAuth" name="test_no_token_returns_401[GET-/device/cache-breakdown-None]" time="0.042" /><testcase classname="tests.test_auth_and_scoping.TestSeededSessionFlow" name="test_referral_and_invite" time="0.090" /><testcase classname="tests.test_auth_and_scoping.TestPublicEndpointsOpen" name="test_public_no_token_returns_200[GET-/device/health]" time="0.042" /><testcase classname="tests.test_auth_and_scoping.TestPublicEndpointsOpen" name="test_public_no_token_returns_200[GET-/device/storage]" time="0.041" /><testcase classname="tests.test_auth_and_scoping.TestSeededSessionFlow" name="test_cache_breakdown" time="0.045" /><testcase classname="tests.test_auth_and_scoping.TestPublicEndpointsOpen" name="test_public_no_token_returns_200[GET-/device/duplicates]" time="0.041" /><testcase classname="tests.test_auth_and_scoping.TestInvalidTokenShape" name="test_missing_bearer_prefix_returns_401" time="0.041" /><testcase classname="tests.test_auth_and_scoping.TestPublicEndpointsOpen" name="test_public_no_token_returns_200[GET-/device/large-files]" time="0.042" /><testcase classname="tests.test_auth_and_scoping.TestInvalidTokenShape" name="test_unknown_bearer_token_returns_401" time="0.042" /><testcase classname="tests.test_auth_and_scoping.TestPublicEndpointsOpen" name="test_public_no_token_returns_200[GET-/device/battery]" time="0.042" /><testcase classname="tests.test_auth_and_scoping.TestAuthSessionInvalid" name="test_bogus_session_id_returns_401" time="0.142" /><testcase classname="tests.test_auth_and_scoping.TestPublicEndpointsOpen" name="test_public_no_token_returns_200[GET-/device/security]" time="0.056" /><testcase classname="tests.test_auth_and_scoping.TestPublicEndpointsOpen" name="test_public_no_token_returns_200[POST-/device/scan]" time="0.044" /><testcase classname="tests.test_auth_and_scoping.TestIDORScoping" name="test_two_users_isolated_family_and_history" time="0.266" /><testcase classname="tests.test_auth_and_scoping.TestExpiredSession" name="test_expired_token_returns_401" time="0.044" /></testsuite></testsuites>