<?xml version="1.0" encoding="utf-8"?><testsuites name="pytest tests"><testsuite name="pytest" errors="0" failures="2" skipped="0" tests="59" time="8.673" timestamp="2026-08-17T16:18:02.585235+00:00" hostname="agent-env-644e0cd2-f68f-4c8c-8e45-9f40c13f0542"><testcase classname="tests.test_auth_and_scoping.TestProtectedRequireAuth" name="test_no_token_returns_401[GET-/auth/me-None]" time="0.003" /><testcase classname="tests.test_auth_and_scoping.TestSeededSessionFlow" name="test_me_returns_seeded_user" time="0.008" /><testcase classname="tests.test_auth_and_scoping.TestProtectedRequireAuth" name="test_no_token_returns_401[GET-/history-None]" time="0.042" /><testcase classname="tests.test_auth_and_scoping.TestSeededSessionFlow" name="test_clean_persists_and_history_reflects" time="0.090" /><testcase classname="tests.test_auth_and_scoping.TestProtectedRequireAuth" name="test_no_token_returns_401[GET-/streak-None]" time="0.042" /><testcase classname="tests.test_auth_and_scoping.TestProtectedRequireAuth" name="test_no_token_returns_401[GET-/forecast-None]" time="0.043" /><testcase classname="tests.test_auth_and_scoping.TestSeededSessionFlow" name="test_family_crud" time="0.250" /><testcase classname="tests.test_auth_and_scoping.TestProtectedRequireAuth" name="test_no_token_returns_401[GET-/device/health-trend-None]" time="0.042" /><testcase classname="tests.test_auth_and_scoping.TestProtectedRequireAuth" name="test_no_token_returns_401[GET-/reminders-None]" time="0.042" /><testcase classname="tests.test_auth_and_scoping.TestProtectedRequireAuth" name="test_no_token_returns_401[PUT-/reminders-body6]" time="0.042" /><testcase classname="tests.test_auth_and_scoping.TestProtectedRequireAuth" name="test_no_token_returns_401[GET-/referral-None]" time="0.042" /><testcase classname="tests.test_auth_and_scoping.TestProtectedRequireAuth" name="test_no_token_returns_401[POST-/referral/invite-body8]" time="0.042" /><testcase classname="tests.test_auth_and_scoping.TestProtectedRequireAuth" name="test_no_token_returns_401[POST-/streak/freeze-body9]" time="0.042" /><testcase classname="tests.test_auth_and_scoping.TestSeededSessionFlow" name="test_streak_and_freeze_once_per_month" time="0.133" /><testcase classname="tests.test_auth_and_scoping.TestProtectedRequireAuth" name="test_no_token_returns_401[GET-/family-None]" time="0.042" /><testcase classname="tests.test_auth_and_scoping.TestProtectedRequireAuth" name="test_no_token_returns_401[POST-/family/member-body11]" time="0.042" /><testcase classname="tests.test_auth_and_scoping.TestProtectedRequireAuth" name="test_no_token_returns_401[DELETE-/family/member/does-not-exist-None]" time="0.042" /><testcase classname="tests.test_auth_and_scoping.TestSeededSessionFlow" name="test_forecast_health_trend" time="0.088" /><testcase classname="tests.test_auth_and_scoping.TestProtectedRequireAuth" name="test_no_token_returns_401[POST-/device/clean-body13]" time="0.042" /><testcase classname="tests.test_auth_and_scoping.TestProtectedRequireAuth" name="test_no_token_returns_401[GET-/device/cache-breakdown-None]" time="0.042" /><testcase classname="tests.test_auth_and_scoping.TestSeededSessionFlow" name="test_reminders_get_put" time="0.091" /><testcase classname="tests.test_auth_and_scoping.TestProtectedRequireAuth" name="test_no_token_returns_401[GET-/auth/sessions-None]" time="0.042" /><testcase classname="tests.test_auth_and_scoping.TestProtectedRequireAuth" name="test_no_token_returns_401[POST-/auth/sessions/does-not-exist/revoke-body16]" time="0.042" /><testcase classname="tests.test_auth_and_scoping.TestSeededSessionFlow" name="test_referral_and_invite" time="0.091" /><testcase classname="tests.test_auth_and_scoping.TestProtectedRequireAuth" name="test_no_token_returns_401[DELETE-/auth/account-None]" time="0.042" /><testcase classname="tests.test_auth_and_scoping.TestPublicEndpointsOpen" name="test_public_no_token_returns_200[GET-/device/health]" time="0.042" /><testcase classname="tests.test_auth_and_scoping.TestSeededSessionFlow" name="test_cache_breakdown" time="0.046" /><testcase classname="tests.test_auth_and_scoping.TestPublicEndpointsOpen" name="test_public_no_token_returns_200[GET-/device/storage]" time="0.042" /><testcase classname="tests.test_auth_and_scoping.TestSessionsListAndRevoke" name="test_sessions_list_marks_current" time="0.046" /><testcase classname="tests.test_auth_and_scoping.TestPublicEndpointsOpen" name="test_public_no_token_returns_200[GET-/device/duplicates]" time="0.042" /><testcase classname="tests.test_auth_and_scoping.TestSessionsListAndRevoke" name="test_sessions_list_only_own_user" time="0.047" /><testcase classname="tests.test_auth_and_scoping.TestPublicEndpointsOpen" name="test_public_no_token_returns_200[GET-/device/large-files]" time="0.042" /><testcase classname="tests.test_auth_and_scoping.TestSessionsListAndRevoke" name="test_revoke_own_extra_session" time="0.133" /><testcase classname="tests.test_auth_and_scoping.TestPublicEndpointsOpen" name="test_public_no_token_returns_200[GET-/device/battery]" time="0.042" /><testcase classname="tests.test_auth_and_scoping.TestPublicEndpointsOpen" name="test_public_no_token_returns_200[GET-/device/security]" time="0.042" /><testcase classname="tests.test_auth_and_scoping.TestPublicEndpointsOpen" name="test_public_no_token_returns_200[POST-/device/scan]" time="0.042" /><testcase classname="tests.test_auth_and_scoping.TestSessionsListAndRevoke" name="test_revoke_nonexistent_sid_returns_revoked_false" time="0.046" /><testcase classname="tests.test_push_notifications.TestRegisterPush" name="test_register_push_endpoint_reachable_and_graceful" time="0.002"><failure message="AssertionError: expected 500 with placeholder key, got 401: {&quot;detail&quot;:&quot;Not authenticated&quot;}&#10;assert 401 == 500&#10; +  where 401 = &lt;Response [401]&gt;.status_code">backend/tests/test_push_notifications.py:98: in test_register_push_endpoint_reachable_and_graceful
    assert r.status_code == 500, f"expected 500 with placeholder key, got {r.status_code}: {r.text[:300]}"
E   AssertionError: expected 500 with placeholder key, got 401: {"detail":"Not authenticated"}
E   assert 401 == 500
E    +  where 401 = &lt;Response [401]&gt;.status_code</failure></testcase><testcase classname="tests.test_push_notifications.TestRegisterPush" name="test_server_still_alive_after_bad_push" time="0.042" /><testcase classname="tests.test_auth_and_scoping.TestSessionsListAndRevoke" name="test_cannot_revoke_other_users_sid" time="0.091" /><testcase classname="tests.test_push_notifications.TestRegisterPush" name="test_register_push_validates_body" time="0.043"><failure message="assert 401 == 422&#10; +  where 401 = &lt;Response [401]&gt;.status_code">backend/tests/test_push_notifications.py:110: in test_register_push_validates_body
    assert r.status_code == 422
E   assert 401 == 422
E    +  where 401 = &lt;Response [401]&gt;.status_code</failure></testcase><testcase classname="tests.test_auth_and_scoping.TestInvalidTokenShape" name="test_missing_bearer_prefix_returns_401" time="0.002" /><testcase classname="tests.test_auth_and_scoping.TestInvalidTokenShape" name="test_unknown_bearer_token_returns_401" time="0.043" /><testcase classname="tests.test_push_notifications.TestPushAuthRegression" name="test_bogus_bearer_on_push_test" time="0.003" /><testcase classname="tests.test_push_notifications.TestPushAuthRegression" name="test_bogus_bearer_on_cleanup_reminder" time="0.044" /><testcase classname="tests.test_auth_and_scoping.TestAccountDeletion" name="test_delete_removes_user_sessions_and_data" time="0.277" /><testcase classname="tests.test_push_notifications.TestPushAuthRegression" name="test_bogus_session_id_returns_401" time="0.152" /><testcase classname="tests.test_push_notifications.TestPushTest" name="test_requires_bearer" time="0.042" /><testcase classname="tests.test_push_notifications.TestPushTest" name="test_returns_sent_false_gracefully" time="0.059" /><testcase classname="tests.test_auth_and_scoping.TestAccountDeletion" name="test_delete_leaves_other_user_data_untouched" time="0.319" /><testcase classname="tests.test_push_notifications.TestSendPushValidation" name="test_more_than_100_recipients_raises" time="1.690" /><testcase classname="tests.test_push_notifications.TestPushCleanupReminder" name="test_requires_bearer" time="0.002" /><testcase classname="tests.test_push_notifications.TestPushCleanupReminder" name="test_returns_sent_false_gracefully" time="0.054" /><testcase classname="tests.test_auth_and_scoping.TestIDORScoping" name="test_two_users_isolated_family_and_history" time="0.236" /><testcase classname="tests.test_auth_and_scoping.TestExpiredSession" name="test_expired_token_returns_401" time="0.044" /><testcase classname="tests.test_push_notifications.TestFamilyAddNotBrokenByPush" name="test_add_family_member_still_succeeds" time="0.058" /><testcase classname="tests.test_push_notifications.TestAIRecommendationsRegression" name="test_ai_returns_four_recs" time="5.748" /><testcase classname="tests.test_push_notifications.TestSendPushValidation" name="test_missing_title_or_message_raises" time="0.001" /><testcase classname="tests.test_auth_and_scoping.TestAuthSessionInvalid" name="test_bogus_session_id_returns_401" time="0.055" /></testsuite></testsuites>