<?xml version="1.0" encoding="utf-8"?><testsuites name="pytest tests"><testsuite name="pytest" errors="0" failures="0" skipped="0" tests="16" time="2.399" timestamp="2026-08-30T17:41:05.616781+00:00" hostname="agent-env-644e0cd2-f68f-4c8c-8e45-9f40c13f0542"><testcase classname="tests.test_features_iter7.TestAuthGuards" name="test_pulse_today_requires_auth" time="0.301" /><testcase classname="tests.test_features_iter7.TestDailyPulse" name="test_today_before_check" time="0.381" /><testcase classname="tests.test_features_iter7.TestAuthGuards" name="test_pulse_check_requires_auth" time="0.183" /><testcase classname="tests.test_features_iter7.TestDailyPulse" name="test_check_first_time" time="0.129" /><testcase classname="tests.test_features_iter7.TestAuthGuards" name="test_nudges_requires_auth" time="0.170" /><testcase classname="tests.test_features_iter7.TestDailyPulse" name="test_check_twice_same_day_no_double_count" time="0.381" /><testcase classname="tests.test_features_iter7.TestAuthGuards" name="test_family_optimize_requires_auth" time="0.171" /><testcase classname="tests.test_features_iter7.TestAuthGuards" name="test_bad_token_rejected" time="0.137" /><testcase classname="tests.test_features_iter7.TestDailyPulse" name="test_today_after_check" time="0.265" /><testcase classname="tests.test_features_iter7.TestNudges" name="test_shape" time="0.183" /><testcase classname="tests.test_features_iter7.TestNudges" name="test_sorted_by_priority_desc" time="0.135" /><testcase classname="tests.test_features_iter7.TestFamilyOptimize" name="test_family_list_includes_new_fields" time="0.212" /><testcase classname="tests.test_features_iter7.TestDuplicates" name="test_groups_have_photos_and_best_index" time="0.163" /><testcase classname="tests.test_features_iter7.TestFamilyOptimize" name="test_optimize_success" time="0.283" /><testcase classname="tests.test_features_iter7.TestFamilyOptimize" name="test_optimize_persists_to_family_list" time="0.137" /><testcase classname="tests.test_features_iter7.TestFamilyOptimize" name="test_optimize_unknown_id_returns_404" time="0.139" /></testsuite></testsuites>