<?xml version="1.0" encoding="utf-8"?><testsuites name="pytest tests"><testsuite name="pytest" errors="0" failures="0" skipped="0" tests="45" time="2.397" timestamp="2026-08-17T16:08:40.487215+00:00" hostname="agent-env-644e0cd2-f68f-4c8c-8e45-9f40c13f0542"><testcase classname="tests.test_auth_and_scoping.TestProtectedRequireAuth" name="test_no_token_returns_401[GET-/auth/me-None]" time="0.003" /><testcase classname="tests.test_auth_and_scoping.TestSeededSessionFlow" name="test_me_returns_seeded_user" time="0.007" /><testcase classname="tests.test_auth_and_scoping.TestProtectedRequireAuth" name="test_no_token_returns_401[GET-/history-None]" time="0.042" /><testcase classname="tests.test_auth_and_scoping.TestSeededSessionFlow" name="test_clean_persists_and_history_reflects" time="0.089" /><testcase classname="tests.test_auth_and_scoping.TestProtectedRequireAuth" name="test_no_token_returns_401[GET-/streak-None]" time="0.042" /><testcase classname="tests.test_auth_and_scoping.TestProtectedRequireAuth" name="test_no_token_returns_401[GET-/forecast-None]" time="0.042" /><testcase classname="tests.test_auth_and_scoping.TestSeededSessionFlow" name="test_family_crud" time="0.222" /><testcase classname="tests.test_auth_and_scoping.TestProtectedRequireAuth" name="test_no_token_returns_401[GET-/device/health-trend-None]" time="0.043" /><testcase classname="tests.test_auth_and_scoping.TestProtectedRequireAuth" name="test_no_token_returns_401[GET-/reminders-None]" time="0.042" /><testcase classname="tests.test_auth_and_scoping.TestProtectedRequireAuth" name="test_no_token_returns_401[PUT-/reminders-body6]" time="0.042" /><testcase classname="tests.test_auth_and_scoping.TestProtectedRequireAuth" name="test_no_token_returns_401[GET-/referral-None]" time="0.043" /><testcase classname="tests.test_auth_and_scoping.TestProtectedRequireAuth" name="test_no_token_returns_401[POST-/referral/invite-body8]" time="0.042" /><testcase classname="tests.test_auth_and_scoping.TestSeededSessionFlow" name="test_streak_and_freeze_once_per_month" time="0.134" /><testcase classname="tests.test_auth_and_scoping.TestProtectedRequireAuth" name="test_no_token_returns_401[POST-/streak/freeze-body9]" time="0.042" /><testcase classname="tests.test_auth_and_scoping.TestProtectedRequireAuth" name="test_no_token_returns_401[GET-/family-None]" time="0.042" /><testcase classname="tests.test_auth_and_scoping.TestProtectedRequireAuth" name="test_no_token_returns_401[POST-/family/member-body11]" time="0.043" /><testcase classname="tests.test_auth_and_scoping.TestSeededSessionFlow" name="test_forecast_health_trend" time="0.090" /><testcase classname="tests.test_auth_and_scoping.TestProtectedRequireAuth" name="test_no_token_returns_401[DELETE-/family/member/does-not-exist-None]" time="0.042" /><testcase classname="tests.test_auth_and_scoping.TestProtectedRequireAuth" name="test_no_token_returns_401[POST-/device/clean-body13]" time="0.042" /><testcase classname="tests.test_auth_and_scoping.TestSeededSessionFlow" name="test_reminders_get_put" time="0.089" /><testcase classname="tests.test_auth_and_scoping.TestProtectedRequireAuth" name="test_no_token_returns_401[GET-/device/cache-breakdown-None]" time="0.042" /><testcase classname="tests.test_auth_and_scoping.TestProtectedRequireAuth" name="test_no_token_returns_401[GET-/auth/sessions-None]" time="0.042" /><testcase classname="tests.test_auth_and_scoping.TestSeededSessionFlow" name="test_referral_and_invite" time="0.092" /><testcase classname="tests.test_auth_and_scoping.TestProtectedRequireAuth" name="test_no_token_returns_401[POST-/auth/sessions/does-not-exist/revoke-body16]" time="0.043" /><testcase classname="tests.test_auth_and_scoping.TestProtectedRequireAuth" name="test_no_token_returns_401[DELETE-/auth/account-None]" time="0.042" /><testcase classname="tests.test_auth_and_scoping.TestSeededSessionFlow" name="test_cache_breakdown" time="0.047" /><testcase classname="tests.test_auth_and_scoping.TestSessionsListAndRevoke" name="test_sessions_list_marks_current" time="0.047" /><testcase classname="tests.test_auth_and_scoping.TestPublicEndpointsOpen" name="test_public_no_token_returns_200[GET-/device/health]" time="0.042" /><testcase classname="tests.test_auth_and_scoping.TestSessionsListAndRevoke" name="test_sessions_list_only_own_user" time="0.047" /><testcase classname="tests.test_auth_and_scoping.TestPublicEndpointsOpen" name="test_public_no_token_returns_200[GET-/device/storage]" time="0.042" /><testcase classname="tests.test_auth_and_scoping.TestSessionsListAndRevoke" name="test_revoke_own_extra_session" time="0.133" /><testcase classname="tests.test_auth_and_scoping.TestPublicEndpointsOpen" name="test_public_no_token_returns_200[GET-/device/duplicates]" time="0.042" /><testcase classname="tests.test_auth_and_scoping.TestPublicEndpointsOpen" name="test_public_no_token_returns_200[GET-/device/large-files]" time="0.042" /><testcase classname="tests.test_auth_and_scoping.TestPublicEndpointsOpen" name="test_public_no_token_returns_200[GET-/device/battery]" time="0.042" /><testcase classname="tests.test_auth_and_scoping.TestSessionsListAndRevoke" name="test_revoke_nonexistent_sid_returns_revoked_false" time="0.047" /><testcase classname="tests.test_auth_and_scoping.TestPublicEndpointsOpen" name="test_public_no_token_returns_200[GET-/device/security]" time="0.042" /><testcase classname="tests.test_auth_and_scoping.TestSessionsListAndRevoke" name="test_cannot_revoke_other_users_sid" time="0.090" /><testcase classname="tests.test_auth_and_scoping.TestPublicEndpointsOpen" name="test_public_no_token_returns_200[POST-/device/scan]" time="0.043" /><testcase classname="tests.test_auth_and_scoping.TestAccountDeletion" name="test_delete_removes_user_sessions_and_data" time="0.274" /><testcase classname="tests.test_auth_and_scoping.TestInvalidTokenShape" name="test_missing_bearer_prefix_returns_401" time="0.043" /><testcase classname="tests.test_auth_and_scoping.TestInvalidTokenShape" name="test_unknown_bearer_token_returns_401" time="0.042" /><testcase classname="tests.test_auth_and_scoping.TestIDORScoping" name="test_two_users_isolated_family_and_history" time="0.274" /><testcase classname="tests.test_auth_and_scoping.TestAccountDeletion" name="test_delete_leaves_other_user_data_untouched" time="0.319" /><testcase classname="tests.test_auth_and_scoping.TestExpiredSession" name="test_expired_token_returns_401" time="0.044" /><testcase classname="tests.test_auth_and_scoping.TestAuthSessionInvalid" name="test_bogus_session_id_returns_401" time="0.139" /></testsuite></testsuites>